<?xml version="1.0" encoding="UTF-8"?>
<!-- Generated by org.testng.reporters.JUnitXMLReporter -->
<testsuite hostname="DESKTOP-PJ5JRQT" ignored="0" name="Default test" tests="4" failures="0" timestamp="02 Aug 2024 14:43:27 GMT" time="93.367" errors="0">
  <testcase name="jioMartt" time="21.903" classname="com.test.jiomart.JioMart"/>
  <testcase name="jioMartt" time="20.584" classname="com.test.jiomart.JioMart"/>
  <testcase name="jioMartt" time="20.804" classname="com.test.jiomart.JioMart"/>
  <testcase name="test" time="0.003" classname="com.test.jiomart.JioMart"/>
</testsuite> <!-- Default test -->
